================================================================================
Appcelerator Titanium Diagnostics Build Log
The contents of this file are useful to send to Appcelerator Support if
reporting an issue to help us understand your environment, build settings
and aid in debugging. Please attach this log to any issue that you report.
================================================================================

Starting build at 04/30/11 13:49

Build details:

   timestamp=04/28/11 21:26
   version=1.7.0
   githash=e222e41...


Script arguments:
   /Library/Application Support/Titanium/mobilesdk/osx/1.7.0.20110429/iphone/builder.py
   simulator
   "4.3"
   "/Users/benjamin/Projects/TitaniumDev/Demos/TiGroupon"
   com.appworkbench.groupon
   "TiGroupon"
   iphone

Building from: /Library/Application Support/Titanium/mobilesdk/osx/1.7.0.20110429/iphone
Platform: Darwin Kernel Version 10.7.0: Sat Jan 29 15:17:16 PST 2011; root:xnu-1504.9.37~1/RELEASE_I386

Xcode path is: /Developer


githash=e222e41..., existing_git_hash=e222e41...
writing contents of /Users/benjamin/Projects/TitaniumDev/Demos/TiGroupon/build/iphone/project.xcconfig:

TI_VERSION=1.7.0.20110429
TI_SDK_DIR=/Library/Application Support/Titanium/mobilesdk/osx/$(TI_VERSION)/iphone
TI_APPID=com.appworkbench.groupon
OTHER_LDFLAGS[sdk=iphoneos4*]=$(inherited) -weak_framework iAd
OTHER_LDFLAGS[sdk=iphonesimulator4*]=$(inherited) -weak_framework iAd
#include "module"

old contents


+ writing debugger plist:

<?xml version="1.0" encoding="UTF-8"?>
<!DOCTYPE plist PUBLIC "-//Apple//DTD PLIST 1.0//EN" "http://www.apple.com/DTDs/PropertyList-1.0.dtd">
<plist version="1.0">
<dict>
	<key>host</key>
	<string></string>
	<key>port</key>
	<string></string>
</dict>
</plist>


Generated the following stylecode code:

<?xml version="1.0" encoding="UTF-8"?>
<!DOCTYPE plist PUBLIC "-//Apple//DTD PLIST 1.0//EN" "http://www.apple.com/DTDs/PropertyList-1.0.dtd">
<plist version="1.0">
	<dict>
		<key>classes</key>
		<dict>
</dict>

		<key>classes_density</key>
		<dict>
</dict>

		<key>ids</key>
		<dict>
</dict>

		<key>ids_density</key>
		<dict>
</dict>

		<key>tags</key>
		<dict>
</dict>

		<key>tags_density</key>
		<dict>
</dict>

	</dict>
</plist>
Finishing build
